Performing C++ SOURCE FILE Test HAVE_BOOST_BYTESWAP failed with the following output:
Change Dir: /Users/danny/Programming/Projects/Solar2D/Taglib/cmake_projects_mac/CMakeFiles/CMakeTmp

Run Build Command(s):/usr/bin/xcodebuild -project CMAKE_TRY_COMPILE.xcodeproj build -target cmTC_d9df6 -configuration Debug -hideShellScriptEnvironment && Command line invocation:
    /Applications/Xcode.app/Contents/Developer/usr/bin/xcodebuild -project CMAKE_TRY_COMPILE.xcodeproj build -target cmTC_d9df6 -configuration Debug -hideShellScriptEnvironment

User defaults from command line:
    HideShellScriptEnvironment = YES

Prepare build
note: Using legacy build system
=== BUILD TARGET cmTC_d9df6 OF PROJECT CMAKE_TRY_COMPILE WITH CONFIGURATION Debug ===

Check dependencies

Write auxiliary files
/bin/mkdir -p /Users/danny/Programming/Projects/Solar2D/Taglib/cmake_projects_mac/CMakeFiles/CMakeTmp/CMAKE_TRY_COMPILE.build/Debug/cmTC_d9df6.build/Objects-normal/x86_64
write-file /Users/danny/Programming/Projects/Solar2D/Taglib/cmake_projects_mac/CMakeFiles/CMakeTmp/CMAKE_TRY_COMPILE.build/Debug/cmTC_d9df6.build/Objects-normal/x86_64/cmTC_d9df6.LinkFileList

CompileC CMAKE_TRY_COMPILE.build/Debug/cmTC_d9df6.build/Objects-normal/x86_64/src.o src.cxx normal x86_64 c++ com.apple.compilers.llvm.clang.1_0.compiler
    cd /Users/danny/Programming/Projects/Solar2D/Taglib/cmake_projects_mac/CMakeFiles/CMakeTmp
    /Applications/Xcode.app/Contents/Developer/Toolchains/XcodeDefault.xctoolchain/usr/bin/clang -x c++ -target x86_64-apple-macos10.15 -fmessage-length=0 -fdiagnostics-show-note-include-stack -fmacro-backtrace-limit=0 -Wno-trigraphs -fpascal-strings -O0 -Wno-missing-field-initializers -Wno-missing-prototypes -Wno-return-type -Wno-non-virtual-dtor -Wno-overloaded-virtual -Wno-exit-time-destructors -Wno-missing-braces -Wparentheses -Wswitch -Wno-unused-function -Wno-unused-label -Wno-unused-parameter -Wno-unused-variable -Wunused-value -Wno-empty-body -Wno-uninitialized -Wno-unknown-pragmas -Wno-shadow -Wno-four-char-constants -Wno-conversion -Wno-constant-conversion -Wno-int-conversion -Wno-bool-conversion -Wno-enum-conversion -Wno-float-conversion -Wno-non-literal-null-conversion -Wno-objc-literal-conversion -Wno-shorten-64-to-32 -Wno-newline-eof -Wno-c++11-extensions -DCMAKE_INTDIR=\"Debug\" -isysroot /Applications/Xcode.app/Contents/Developer/Platforms/MacOSX.platform/Developer/SDKs/MacOSX10.15.sdk -fasm-blocks -fstrict-aliasing -Wdeprecated-declarations -Winvalid-offsetof -g -Wno-sign-conversion -Wno-infinite-recursion -Wno-move -Wno-comma -Wno-block-capture-autoreleasing -Wno-strict-prototypes -Wno-range-loop-analysis -Wno-semicolon-before-method-body -I/Users/danny/Programming/Projects/Solar2D/Taglib/cmake_projects_mac/CMakeFiles/CMakeTmp/Debug/include -I/Users/danny/Programming/Projects/Solar2D/Taglib/cmake_projects_mac/CMakeFiles/CMakeTmp/CMAKE_TRY_COMPILE.build/Debug/cmTC_d9df6.build/DerivedSources-normal/x86_64 -I/Users/danny/Programming/Projects/Solar2D/Taglib/cmake_projects_mac/CMakeFiles/CMakeTmp/CMAKE_TRY_COMPILE.build/Debug/cmTC_d9df6.build/DerivedSources/x86_64 -I/Users/danny/Programming/Projects/Solar2D/Taglib/cmake_projects_mac/CMakeFiles/CMakeTmp/CMAKE_TRY_COMPILE.build/Debug/cmTC_d9df6.build/DerivedSources -F/Users/danny/Programming/Projects/Solar2D/Taglib/cmake_projects_mac/CMakeFiles/CMakeTmp/Debug -DHAVE_BOOST_BYTESWAP -MMD -MT dependencies -MF /Users/danny/Programming/Projects/Solar2D/Taglib/cmake_projects_mac/CMakeFiles/CMakeTmp/CMAKE_TRY_COMPILE.build/Debug/cmTC_d9df6.build/Objects-normal/x86_64/src.d --serialize-diagnostics /Users/danny/Programming/Projects/Solar2D/Taglib/cmake_projects_mac/CMakeFiles/CMakeTmp/CMAKE_TRY_COMPILE.build/Debug/cmTC_d9df6.build/Objects-normal/x86_64/src.dia -c /Users/danny/Programming/Projects/Solar2D/Taglib/cmake_projects_mac/CMakeFiles/CMakeTmp/src.cxx -o /Users/danny/Programming/Projects/Solar2D/Taglib/cmake_projects_mac/CMakeFiles/CMakeTmp/CMAKE_TRY_COMPILE.build/Debug/cmTC_d9df6.build/Objects-normal/x86_64/src.o
/Users/danny/Programming/Projects/Solar2D/Taglib/cmake_projects_mac/CMakeFiles/CMakeTmp/src.cxx:2:12: fatal error: 'boost/endian/conversion.hpp' file not found
  #include <boost/endian/conversion.hpp>
           ^~~~~~~~~~~~~~~~~~~~~~~~~~~~~
1 error generated.

** BUILD FAILED **


The following build commands failed:
	CompileC CMAKE_TRY_COMPILE.build/Debug/cmTC_d9df6.build/Objects-normal/x86_64/src.o src.cxx normal x86_64 c++ com.apple.compilers.llvm.clang.1_0.compiler
(1 failure)


Source file was:

  #include <boost/endian/conversion.hpp>
  int main() {
    boost::endian::endian_reverse(static_cast<uint16_t>(1));
    boost::endian::endian_reverse(static_cast<uint32_t>(1));
    boost::endian::endian_reverse(static_cast<uint64_t>(1));
    return 0;
  }

Performing C++ SOURCE FILE Test HAVE_ISO_STRDUP failed with the following output:
Change Dir: /Users/danny/Programming/Projects/Solar2D/Taglib/cmake_projects_mac/CMakeFiles/CMakeTmp

Run Build Command(s):/usr/bin/xcodebuild -project CMAKE_TRY_COMPILE.xcodeproj build -target cmTC_0dec9 -configuration Debug -hideShellScriptEnvironment && Command line invocation:
    /Applications/Xcode.app/Contents/Developer/usr/bin/xcodebuild -project CMAKE_TRY_COMPILE.xcodeproj build -target cmTC_0dec9 -configuration Debug -hideShellScriptEnvironment

User defaults from command line:
    HideShellScriptEnvironment = YES

Prepare build
note: Using legacy build system
=== BUILD TARGET cmTC_0dec9 OF PROJECT CMAKE_TRY_COMPILE WITH CONFIGURATION Debug ===

Check dependencies

Write auxiliary files
/bin/mkdir -p /Users/danny/Programming/Projects/Solar2D/Taglib/cmake_projects_mac/CMakeFiles/CMakeTmp/CMAKE_TRY_COMPILE.build/Debug/cmTC_0dec9.build/Objects-normal/x86_64
write-file /Users/danny/Programming/Projects/Solar2D/Taglib/cmake_projects_mac/CMakeFiles/CMakeTmp/CMAKE_TRY_COMPILE.build/Debug/cmTC_0dec9.build/Objects-normal/x86_64/cmTC_0dec9.LinkFileList

CompileC CMAKE_TRY_COMPILE.build/Debug/cmTC_0dec9.build/Objects-normal/x86_64/src.o src.cxx normal x86_64 c++ com.apple.compilers.llvm.clang.1_0.compiler
    cd /Users/danny/Programming/Projects/Solar2D/Taglib/cmake_projects_mac/CMakeFiles/CMakeTmp
    /Applications/Xcode.app/Contents/Developer/Toolchains/XcodeDefault.xctoolchain/usr/bin/clang -x c++ -target x86_64-apple-macos10.15 -fmessage-length=0 -fdiagnostics-show-note-include-stack -fmacro-backtrace-limit=0 -Wno-trigraphs -fpascal-strings -O0 -Wno-missing-field-initializers -Wno-missing-prototypes -Wno-return-type -Wno-non-virtual-dtor -Wno-overloaded-virtual -Wno-exit-time-destructors -Wno-missing-braces -Wparentheses -Wswitch -Wno-unused-function -Wno-unused-label -Wno-unused-parameter -Wno-unused-variable -Wunused-value -Wno-empty-body -Wno-uninitialized -Wno-unknown-pragmas -Wno-shadow -Wno-four-char-constants -Wno-conversion -Wno-constant-conversion -Wno-int-conversion -Wno-bool-conversion -Wno-enum-conversion -Wno-float-conversion -Wno-non-literal-null-conversion -Wno-objc-literal-conversion -Wno-shorten-64-to-32 -Wno-newline-eof -Wno-c++11-extensions -DCMAKE_INTDIR=\"Debug\" -isysroot /Applications/Xcode.app/Contents/Developer/Platforms/MacOSX.platform/Developer/SDKs/MacOSX10.15.sdk -fasm-blocks -fstrict-aliasing -Wdeprecated-declarations -Winvalid-offsetof -g -Wno-sign-conversion -Wno-infinite-recursion -Wno-move -Wno-comma -Wno-block-capture-autoreleasing -Wno-strict-prototypes -Wno-range-loop-analysis -Wno-semicolon-before-method-body -I/Users/danny/Programming/Projects/Solar2D/Taglib/cmake_projects_mac/CMakeFiles/CMakeTmp/Debug/include -I/Users/danny/Programming/Projects/Solar2D/Taglib/cmake_projects_mac/CMakeFiles/CMakeTmp/CMAKE_TRY_COMPILE.build/Debug/cmTC_0dec9.build/DerivedSources-normal/x86_64 -I/Users/danny/Programming/Projects/Solar2D/Taglib/cmake_projects_mac/CMakeFiles/CMakeTmp/CMAKE_TRY_COMPILE.build/Debug/cmTC_0dec9.build/DerivedSources/x86_64 -I/Users/danny/Programming/Projects/Solar2D/Taglib/cmake_projects_mac/CMakeFiles/CMakeTmp/CMAKE_TRY_COMPILE.build/Debug/cmTC_0dec9.build/DerivedSources -F/Users/danny/Programming/Projects/Solar2D/Taglib/cmake_projects_mac/CMakeFiles/CMakeTmp/Debug -DHAVE_ISO_STRDUP -MMD -MT dependencies -MF /Users/danny/Programming/Projects/Solar2D/Taglib/cmake_projects_mac/CMakeFiles/CMakeTmp/CMAKE_TRY_COMPILE.build/Debug/cmTC_0dec9.build/Objects-normal/x86_64/src.d --serialize-diagnostics /Users/danny/Programming/Projects/Solar2D/Taglib/cmake_projects_mac/CMakeFiles/CMakeTmp/CMAKE_TRY_COMPILE.build/Debug/cmTC_0dec9.build/Objects-normal/x86_64/src.dia -c /Users/danny/Programming/Projects/Solar2D/Taglib/cmake_projects_mac/CMakeFiles/CMakeTmp/src.cxx -o /Users/danny/Programming/Projects/Solar2D/Taglib/cmake_projects_mac/CMakeFiles/CMakeTmp/CMAKE_TRY_COMPILE.build/Debug/cmTC_0dec9.build/Objects-normal/x86_64/src.o
/Users/danny/Programming/Projects/Solar2D/Taglib/cmake_projects_mac/CMakeFiles/CMakeTmp/src.cxx:4:5: error: use of undeclared identifier '_strdup'; did you mean 'strdup'?
    _strdup(0);
    ^~~~~~~
    strdup
In file included from /Users/danny/Programming/Projects/Solar2D/Taglib/cmake_projects_mac/CMakeFiles/CMakeTmp/src.cxx:2:
In file included from /Applications/Xcode.app/Contents/Developer/Toolchains/XcodeDefault.xctoolchain/usr/bin/../include/c++/v1/cstring:60:
In file included from /Applications/Xcode.app/Contents/Developer/Toolchains/XcodeDefault.xctoolchain/usr/bin/../include/c++/v1/string.h:60:
/Applications/Xcode.app/Contents/Developer/Platforms/MacOSX.platform/Developer/SDKs/MacOSX10.15.sdk/usr/include/string.h:117:7: note: 'strdup' declared here
char    *strdup(const char *__s1);
         ^
1 error generated.

** BUILD FAILED **


The following build commands failed:
	CompileC CMAKE_TRY_COMPILE.build/Debug/cmTC_0dec9.build/Objects-normal/x86_64/src.o src.cxx normal x86_64 c++ com.apple.compilers.llvm.clang.1_0.compiler
(1 failure)


Source file was:

  #include <cstring>
  int main() {
    _strdup(0);
    return 0;
  }

Determining if the function __RTTI___ exists in the Crun failed with the following output:
Change Dir: /Users/danny/Programming/Projects/Solar2D/Taglib/cmake_projects_mac/CMakeFiles/CMakeTmp

Run Build Command(s):/usr/bin/xcodebuild -project CMAKE_TRY_COMPILE.xcodeproj build -target cmTC_694fa -configuration Debug -hideShellScriptEnvironment && Command line invocation:
    /Applications/Xcode.app/Contents/Developer/usr/bin/xcodebuild -project CMAKE_TRY_COMPILE.xcodeproj build -target cmTC_694fa -configuration Debug -hideShellScriptEnvironment

User defaults from command line:
    HideShellScriptEnvironment = YES

Prepare build
note: Using legacy build system
=== BUILD TARGET cmTC_694fa OF PROJECT CMAKE_TRY_COMPILE WITH CONFIGURATION Debug ===

Check dependencies

Write auxiliary files
/bin/mkdir -p /Users/danny/Programming/Projects/Solar2D/Taglib/cmake_projects_mac/CMakeFiles/CMakeTmp/CMAKE_TRY_COMPILE.build/Debug/cmTC_694fa.build/Objects-normal/x86_64
write-file /Users/danny/Programming/Projects/Solar2D/Taglib/cmake_projects_mac/CMakeFiles/CMakeTmp/CMAKE_TRY_COMPILE.build/Debug/cmTC_694fa.build/Objects-normal/x86_64/cmTC_694fa.LinkFileList

CompileC CMAKE_TRY_COMPILE.build/Debug/cmTC_694fa.build/Objects-normal/x86_64/CheckFunctionExists.o /Applications/CMake.app/Contents/share/cmake-3.17/Modules/CheckFunctionExists.c normal x86_64 c com.apple.compilers.llvm.clang.1_0.compiler
    cd /Users/danny/Programming/Projects/Solar2D/Taglib/cmake_projects_mac/CMakeFiles/CMakeTmp
    /Applications/Xcode.app/Contents/Developer/Toolchains/XcodeDefault.xctoolchain/usr/bin/clang -x c -target x86_64-apple-macos10.15 -fmessage-length=0 -fdiagnostics-show-note-include-stack -fmacro-backtrace-limit=0 -Wno-trigraphs -fpascal-strings -O0 -Wno-missing-field-initializers -Wno-missing-prototypes -Wno-return-type -Wno-missing-braces -Wparentheses -Wswitch -Wno-unused-function -Wno-unused-label -Wno-unused-parameter -Wno-unused-variable -Wunused-value -Wno-empty-body -Wno-uninitialized -Wno-unknown-pragmas -Wno-shadow -Wno-four-char-constants -Wno-conversion -Wno-constant-conversion -Wno-int-conversion -Wno-bool-conversion -Wno-enum-conversion -Wno-float-conversion -Wno-non-literal-null-conversion -Wno-objc-literal-conversion -Wno-shorten-64-to-32 -Wpointer-sign -Wno-newline-eof -DCMAKE_INTDIR=\"Debug\" -isysroot /Applications/Xcode.app/Contents/Developer/Platforms/MacOSX.platform/Developer/SDKs/MacOSX10.15.sdk -fasm-blocks -fstrict-aliasing -Wdeprecated-declarations -g -Wno-sign-conversion -Wno-infinite-recursion -Wno-comma -Wno-block-capture-autoreleasing -Wno-strict-prototypes -Wno-semicolon-before-method-body -I/Users/danny/Programming/Projects/Solar2D/Taglib/cmake_projects_mac/CMakeFiles/CMakeTmp/Debug/include -I/Users/danny/Programming/Projects/Solar2D/Taglib/cmake_projects_mac/CMakeFiles/CMakeTmp/CMAKE_TRY_COMPILE.build/Debug/cmTC_694fa.build/DerivedSources-normal/x86_64 -I/Users/danny/Programming/Projects/Solar2D/Taglib/cmake_projects_mac/CMakeFiles/CMakeTmp/CMAKE_TRY_COMPILE.build/Debug/cmTC_694fa.build/DerivedSources/x86_64 -I/Users/danny/Programming/Projects/Solar2D/Taglib/cmake_projects_mac/CMakeFiles/CMakeTmp/CMAKE_TRY_COMPILE.build/Debug/cmTC_694fa.build/DerivedSources -F/Users/danny/Programming/Projects/Solar2D/Taglib/cmake_projects_mac/CMakeFiles/CMakeTmp/Debug -DCHECK_FUNCTION_EXISTS=__RTTI___ -MMD -MT dependencies -MF /Users/danny/Programming/Projects/Solar2D/Taglib/cmake_projects_mac/CMakeFiles/CMakeTmp/CMAKE_TRY_COMPILE.build/Debug/cmTC_694fa.build/Objects-normal/x86_64/CheckFunctionExists.d --serialize-diagnostics /Users/danny/Programming/Projects/Solar2D/Taglib/cmake_projects_mac/CMakeFiles/CMakeTmp/CMAKE_TRY_COMPILE.build/Debug/cmTC_694fa.build/Objects-normal/x86_64/CheckFunctionExists.dia -c /Applications/CMake.app/Contents/share/cmake-3.17/Modules/CheckFunctionExists.c -o /Users/danny/Programming/Projects/Solar2D/Taglib/cmake_projects_mac/CMakeFiles/CMakeTmp/CMAKE_TRY_COMPILE.build/Debug/cmTC_694fa.build/Objects-normal/x86_64/CheckFunctionExists.o

Ld Debug/cmTC_694fa normal x86_64
    cd /Users/danny/Programming/Projects/Solar2D/Taglib/cmake_projects_mac/CMakeFiles/CMakeTmp
    /Applications/Xcode.app/Contents/Developer/Toolchains/XcodeDefault.xctoolchain/usr/bin/clang -target x86_64-apple-macos10.15 -isysroot /Applications/Xcode.app/Contents/Developer/Platforms/MacOSX.platform/Developer/SDKs/MacOSX10.15.sdk -L/Users/danny/Programming/Projects/Solar2D/Taglib/cmake_projects_mac/CMakeFiles/CMakeTmp/Debug -F/Users/danny/Programming/Projects/Solar2D/Taglib/cmake_projects_mac/CMakeFiles/CMakeTmp/Debug -filelist /Users/danny/Programming/Projects/Solar2D/Taglib/cmake_projects_mac/CMakeFiles/CMakeTmp/CMAKE_TRY_COMPILE.build/Debug/cmTC_694fa.build/Objects-normal/x86_64/cmTC_694fa.LinkFileList -Xlinker -object_path_lto -Xlinker /Users/danny/Programming/Projects/Solar2D/Taglib/cmake_projects_mac/CMakeFiles/CMakeTmp/CMAKE_TRY_COMPILE.build/Debug/cmTC_694fa.build/Objects-normal/x86_64/cmTC_694fa_lto.o -Xlinker -no_deduplicate -Wl,-search_paths_first -Wl,-headerpad_max_install_names -lCrun -Xlinker -dependency_info -Xlinker /Users/danny/Programming/Projects/Solar2D/Taglib/cmake_projects_mac/CMakeFiles/CMakeTmp/CMAKE_TRY_COMPILE.build/Debug/cmTC_694fa.build/Objects-normal/x86_64/cmTC_694fa_dependency_info.dat -o /Users/danny/Programming/Projects/Solar2D/Taglib/cmake_projects_mac/CMakeFiles/CMakeTmp/Debug/cmTC_694fa
ld: library not found for -lCrun
clang: error: linker command failed with exit code 1 (use -v to see invocation)

** BUILD FAILED **


The following build commands failed:
	Ld Debug/cmTC_694fa normal x86_64
(1 failure)



